
> studio@0.0.0 dev
> vite --host 0.0.0.0 --cors


  VITE v7.1.3  ready in 185 ms

  ➜  Local:   http://localhost:5173/
  ➜  Network: http://10.255.255.254:5173/
  ➜  Network: http://172.19.253.203:5173/
1:07:15 PM [vite] (client) hmr update /src/pages/Automations.tsx, /src/pages/AutomationEditor.tsx, /src/index.css
1:07:41 PM [vite] (client) hmr update /src/pages/Automations.tsx, /src/pages/AutomationEditor.tsx, /src/index.css
1:07:58 PM [vite] (client) hmr update /src/pages/Automations.tsx, /src/index.css
1:08:10 PM [vite] (client) hmr update /src/pages/Automations.tsx, /src/index.css
1:08:22 PM [vite] (client) hmr update /src/pages/Automations.tsx, /src/index.css
1:12:41 PM [vite] (client) hmr update /src/pages/Automations.tsx, /src/pages/AutomationEditor.tsx, /src/index.css
1:12:41 PM [vite] (client) hmr update /src/pages/Automations.tsx, /src/index.css
1:14:47 PM [vite] (client) ✨ new dependencies optimized: js-yaml
1:14:47 PM [vite] (client) ✨ optimized dependencies changed. reloading
1:26:30 PM [vite] (client) hmr update /src/pages/Procedures.tsx, /src/index.css
1:26:43 PM [vite] (client) hmr update /src/pages/Procedures.tsx, /src/index.css
1:26:51 PM [vite] (client) hmr update /src/pages/Procedures.tsx, /src/index.css
1:26:56 PM [vite] (client) hmr update /src/pages/Procedures.tsx, /src/index.css
1:26:58 PM [vite] (client) hmr update /src/pages/Procedures.tsx, /src/index.css
1:27:04 PM [vite] (client) hmr update /src/pages/Procedures.tsx, /src/index.css
1:28:36 PM [vite] (client) hmr update /src/pages/Procedures.tsx, /src/index.css
